<?xml version="1.0" encoding="UTF-8"?>
<!-- Generated by org.testng.reporters.JUnitXMLReporter -->
<testsuite hostname="LP-AnshulC" name="HomePageTest" tests="6" failures="0" timestamp="27 Jul 2016 10:09:45 GMT" time="112.809" errors="0">
  <testcase name="invalidloginTest" time="17.958" classname="com.SBIXDDF.TestCases.LoginTest"/>
  <testcase name="invalidloginTest" time="5.231" classname="com.SBIXDDF.TestCases.LoginTest"/>
  <testcase name="invalidloginTest" time="5.117" classname="com.SBIXDDF.TestCases.LoginTest"/>
  <testcase name="invalidloginTest" time="5.42" classname="com.SBIXDDF.TestCases.LoginTest"/>
  <testcase name="loginTest" time="17.191" classname="com.SBIXDDF.TestCases.LoginTest"/>
  <testcase name="verifyHeaderLinksIsPresent" time="61.241" classname="com.SBIXDDF.TestCases.WelcomeTest"/>
</testsuite> <!-- HomePageTest -->
