<?xml version="1.0" encoding="UTF-8"?>
<!-- Generated by org.testng.reporters.JUnitXMLReporter -->
<testsuite hostname="alkesh-asus" name="LoginPageTest" tests="5" failures="0" timestamp="9 Oct 2016 08:08:51 GMT" time="48.061" errors="0">
  <testcase name="invalidloginTest" time="13.881" classname="com.SBIXDDF.TestCases.LoginTest"/>
  <testcase name="invalidloginTest" time="5.752" classname="com.SBIXDDF.TestCases.LoginTest"/>
  <testcase name="invalidloginTest" time="6.191" classname="com.SBIXDDF.TestCases.LoginTest"/>
  <testcase name="invalidloginTest" time="4.378" classname="com.SBIXDDF.TestCases.LoginTest"/>
  <testcase name="loginTest" time="16.173" classname="com.SBIXDDF.TestCases.LoginTest"/>
</testsuite> <!-- LoginPageTest -->
